           1   0.0145272   0.0145272           0
           2    0.014946   0.0147366 0.000209392
           3    0.014182   0.0145517 0.000220892
           4   0.0142182   0.0144683 0.000177059
           5   0.0150135   0.0145774 0.000175217
           6   0.0141965   0.0145139 0.000156513
           7   0.0148969   0.0145686 0.000143149
           8   0.0143024   0.0145353  0.00012836
           9   0.0137204   0.0144448 0.000144961
          10   0.0147658   0.0144769 0.000133571
          11   0.0138464   0.0144196 0.000133724
          12   0.0144476   0.0144219 0.000122095
          13   0.0141474   0.0144008 0.000114279
          14   0.0141771   0.0143848 0.000107002
          15    0.015196   0.0144389 0.000113345
          16   0.0145549   0.0144461 0.000106273
          17   0.0140917   0.0144253 0.000101979
          18   0.0139302   0.0143978 0.000100004
          19    0.014626   0.0144098 9.53538e-05
          20   0.0146208   0.0144203 9.10736e-05
          21   0.0150773   0.0144516  9.2104e-05
          22   0.0144088   0.0144497 8.78393e-05
          23    0.014555   0.0144543 8.40581e-05
          24   0.0150292   0.0144782  8.3969e-05
          25   0.0142064   0.0144673  8.1271e-05
          26   0.0143322   0.0144621 7.82556e-05
          27   0.0144849    0.014463 7.53062e-05
          28   0.0140735   0.0144491 7.38881e-05
          29   0.0147683   0.0144601 7.21396e-05
          30   0.0148195   0.0144721  7.0716e-05
          31   0.0144005   0.0144698 6.84357e-05
          32   0.0148944    0.014483 6.75786e-05
          33   0.0143076   0.0144777 6.57142e-05
          34   0.0140011   0.0144637 6.52749e-05
          35   0.0149238   0.0144768 6.47314e-05
          36   0.0148574   0.0144874 6.37897e-05
          37   0.0147545   0.0144946 6.24602e-05
          38   0.0149428   0.0145064 6.19276e-05
          39   0.0146636   0.0145105 6.04534e-05
          40   0.0141968   0.0145026 5.94422e-05
          41    0.013547   0.0144793 6.24844e-05
          42   0.0140155   0.0144683 6.19706e-05
          43   0.0147024   0.0144737 6.07567e-05
          44   0.0148395    0.014482  5.9939e-05
          45   0.0145549   0.0144836 5.86143e-05
          46    0.014639    0.014487 5.74254e-05
          47   0.0151951   0.0145021 5.81751e-05
          48   0.0149913   0.0145123 5.78549e-05
          49   0.0148015   0.0145182 5.69684e-05
          50   0.0148379   0.0145246 5.61825e-05
