           1    -0.03243    -0.03243           0
           2  -0.0324498  -0.0324399 9.92819e-06
           3  -0.0324078  -0.0324292 1.21286e-05
           4  -0.0324062  -0.0324235 1.03252e-05
           5   -0.032412  -0.0324212 8.32233e-06
           6  -0.0324066  -0.0324187 7.21627e-06
           7  -0.0323979  -0.0324158 6.78352e-06
           8  -0.0324093   -0.032415 5.92965e-06
           9  -0.0324091  -0.0324143 5.26931e-06
          10  -0.0324394  -0.0324168 5.33966e-06
          11   -0.032431  -0.0324181 4.99943e-06
          12  -0.0324381  -0.0324198 4.85796e-06
          13  -0.0324327  -0.0324208 4.57863e-06
          14  -0.0324534  -0.0324231 4.83754e-06
          15  -0.0324548  -0.0324252 4.97585e-06
          16  -0.0324607  -0.0324274 5.15452e-06
          17  -0.0324503  -0.0324288 5.02527e-06
          18  -0.0324181  -0.0324282  4.7749e-06
          19  -0.0323955  -0.0324265 4.83361e-06
          20  -0.0324299  -0.0324266 4.58883e-06
          21  -0.0324509  -0.0324278 4.51507e-06
          22  -0.0324244  -0.0324276 4.30766e-06
          23  -0.0324473  -0.0324285 4.20415e-06
          24  -0.0324581  -0.0324297 4.20999e-06
          25  -0.0324191  -0.0324293 4.06034e-06
          26  -0.0324066  -0.0324284 3.99799e-06
          27  -0.0324186  -0.0324281 3.86434e-06
          28  -0.0324324  -0.0324282 3.72694e-06
          29  -0.0324403  -0.0324286 3.62006e-06
          30  -0.0324537  -0.0324295 3.59578e-06
          31  -0.0324143   -0.032429 3.51224e-06
          32  -0.0324321  -0.0324291 3.40214e-06
          33  -0.0324308  -0.0324291 3.29783e-06
          34  -0.0324398  -0.0324294  3.2146e-06
          35  -0.0324423  -0.0324298 3.14293e-06
          36  -0.0324278  -0.0324298 3.05487e-06
          37  -0.0324412  -0.0324301 2.98732e-06
          38  -0.0324359  -0.0324302 2.91172e-06
          39  -0.0324347  -0.0324303 2.83844e-06
          40  -0.0323882  -0.0324293 2.96005e-06
          41  -0.0323967  -0.0324285 2.99452e-06
          42  -0.0324135  -0.0324281 2.94399e-06
          43  -0.0324419  -0.0324285 2.89246e-06
          44  -0.0324424  -0.0324288 2.84359e-06
          45  -0.0324451  -0.0324291 2.80335e-06
          46  -0.0324472  -0.0324295 2.76985e-06
          47  -0.0324037   -0.032429 2.76544e-06
          48  -0.0324392  -0.0324292 2.71564e-06
          49  -0.0324455  -0.0324295 2.68028e-06
          50  -0.0324632  -0.0324302 2.71107e-06
