           1  -0.0469572  -0.0469572           0
           2  -0.0473958  -0.0471765  0.00021932
           3  -0.0465898  -0.0469809 0.000232977
           4  -0.0466244  -0.0468918 0.000187308
           5  -0.0474255  -0.0469985 0.000180125
           6  -0.0466031  -0.0469326 0.000161162
           7  -0.0472949  -0.0469844 0.000145707
           8  -0.0467117  -0.0469503 0.000130708
           9  -0.0461295  -0.0468591 0.000146985
          10  -0.0472052  -0.0468937 0.000135946
          11  -0.0462775  -0.0468377 0.000135128
          12  -0.0468857  -0.0468417 0.000123419
          13  -0.0465801  -0.0468216 0.000115298
          14  -0.0466305  -0.0468079 0.000107614
          15  -0.0476508  -0.0468641 0.000114867
          16  -0.0470155  -0.0468736 0.000107864
          17   -0.046542  -0.0468541 0.000103181
          18  -0.0463483   -0.046826 0.000101256
          19  -0.0470215  -0.0468363   9.633e-05
          20  -0.0470507   -0.046847 9.20136e-05
          21  -0.0475282  -0.0468794 9.33406e-05
          22  -0.0468332  -0.0468773 8.90215e-05
          23  -0.0470023  -0.0468828 8.52364e-05
          24  -0.0474873  -0.0469079 8.54065e-05
          25  -0.0466255  -0.0468966 8.26946e-05
          26  -0.0467387  -0.0468906 7.96822e-05
          27  -0.0469034   -0.046891 7.66758e-05
          28  -0.0465058  -0.0468773 7.51564e-05
          29  -0.0472086  -0.0468887 7.34128e-05
          30  -0.0472733  -0.0469015 7.20725e-05
          31  -0.0468148  -0.0468987 6.97649e-05
          32  -0.0473266  -0.0469121 6.88601e-05
          33  -0.0467384  -0.0469068 6.69481e-05
          34  -0.0464409  -0.0468931 6.63794e-05
          35  -0.0473661  -0.0469066 6.58562e-05
          36  -0.0472853  -0.0469172 6.48591e-05
          37  -0.0471957  -0.0469247 6.35294e-05
          38  -0.0473787  -0.0469366 6.29786e-05
          39  -0.0470984  -0.0469408 6.14825e-05
          40   -0.046585  -0.0469319 6.05822e-05
          41  -0.0459436  -0.0469078 6.38136e-05
          42   -0.046429  -0.0468964 6.33105e-05
          43  -0.0471443  -0.0469022 6.20888e-05
          44  -0.0472818  -0.0469108  6.1272e-05
          45      -0.047  -0.0469128 5.99277e-05
          46  -0.0470863  -0.0469165 5.87317e-05
          47  -0.0475988  -0.0469311 5.92737e-05
          48  -0.0474305  -0.0469415 5.89512e-05
          49  -0.0472469  -0.0469477 5.80711e-05
          50  -0.0473011  -0.0469548 5.73351e-05
