           1     1.04596     1.04596           0
           2     1.07611     1.06103   0.0150762
           3      1.0211     1.04772   0.0159042
           4     1.02371     1.04172   0.0127483
           5     1.08098     1.04957   0.0126156
           6     1.02215       1.045   0.0112689
           7     1.07258     1.04894   0.0103067
           8     1.02977     1.04654   0.0092419
           9    0.987869     1.04002   0.0104372
          10     1.06313     1.04234  0.00961713
          11    0.996943     1.03821  0.00962815
          12     1.04023     1.03838  0.00879087
          13     1.01861     1.03686  0.00822811
          14     1.02075     1.03571  0.00770414
          15     1.09411      1.0396  0.00816087
          16     1.04795     1.04012  0.00765162
          17      1.0146     1.03862  0.00734252
          18     1.00297     1.03664  0.00720028
          19     1.05307     1.03751  0.00686547
          20      1.0527     1.03826   0.0065573
          21     1.08557     1.04052  0.00663149
          22     1.03743     1.04038  0.00632443
          23     1.04796     1.04071  0.00605218
          24      1.0821     1.04243  0.00604577
          25     1.02286     1.04165  0.00585151
          26     1.03192     1.04127   0.0056344
          27     1.04291     1.04133  0.00542204
          28     1.01329     1.04033  0.00531995
          29     1.06332     1.04113  0.00519405
          30     1.06701     1.04199  0.00509155
          31     1.03684     1.04182  0.00492737
          32      1.0724     1.04278  0.00486566
          33     1.03015     1.04239  0.00473142
          34     1.00808     1.04139  0.00469979
          35     1.07451     1.04233  0.00466066
          36     1.06973     1.04309  0.00459286
          37     1.06232     1.04361  0.00449713
          38     1.07588     1.04446  0.00445879
          39     1.05578     1.04475  0.00435264
          40     1.02217     1.04419  0.00427984
          41    0.975381     1.04251  0.00449888
          42     1.00911     1.04171  0.00446188
          43     1.05857     1.04211  0.00437448
          44     1.06844      1.0427  0.00431561
          45     1.04795     1.04282  0.00422023
          46     1.05401     1.04306  0.00413463
          47     1.09405     1.04415  0.00418861
          48     1.07937     1.04488  0.00416555
          49      1.0657     1.04531  0.00410173
          50     1.06833     1.04577  0.00404514
