           1   0.0166584   0.0166584           0
           2   0.0165225   0.0165904 6.79025e-05
           3   0.0163135   0.0164981 0.000100301
           4   0.0162883   0.0164457 8.82115e-05
           5   0.0163099   0.0164185 7.35244e-05
           6   0.0163578   0.0164084 6.08786e-05
           7   0.0162481   0.0163855 5.63182e-05
           8   0.0164641   0.0163953  4.9752e-05
           9   0.0167466   0.0164344 5.87249e-05
          10   0.0164886   0.0164398 5.28043e-05
          11   0.0165414    0.016449 4.86485e-05
          12   0.0165219   0.0164551 4.48226e-05
          13   0.0162956   0.0164428 4.30174e-05
          14   0.0163158   0.0164338 4.08465e-05
          15   0.0163857   0.0164305 3.81607e-05
          16    0.016625   0.0164427 3.77091e-05
          17   0.0165118   0.0164468 3.56539e-05
          18    0.016227   0.0164346 3.57627e-05
          19   0.0163909   0.0164323  3.3906e-05
          20   0.0165818   0.0164397 3.30236e-05
          21   0.0166437   0.0164495 3.28794e-05
          22   0.0167762   0.0164643 3.46904e-05
          23   0.0162902   0.0164567 3.40016e-05
          24   0.0162016   0.0164461 3.42459e-05
          25   0.0161949   0.0164361 3.43504e-05
          26   0.0161748    0.016426 3.44982e-05
          27   0.0159591   0.0164087 3.74298e-05
          28   0.0160185   0.0163948 3.86676e-05
          29   0.0163314   0.0163926 3.73745e-05
          30   0.0168718   0.0164086 3.94833e-05
          31   0.0169575   0.0164263 4.20945e-05
          32   0.0169499   0.0164426 4.39193e-05
          33   0.0162937   0.0164381 4.28063e-05
          34   0.0162624    0.016433 4.18486e-05
          35   0.0165261   0.0164356 4.07223e-05
          36   0.0165595   0.0164391 3.97243e-05
          37   0.0165857    0.016443 3.88383e-05
          38   0.0163588   0.0164408 3.78674e-05
          39   0.0166005   0.0164449 3.71103e-05
          40   0.0165354   0.0164472 3.62413e-05
          41   0.0164787   0.0164479 3.53547e-05
          42   0.0164721   0.0164485 3.45074e-05
          43   0.0163267   0.0164457 3.38143e-05
          44   0.0164722   0.0164463 3.30424e-05
          45   0.0163469   0.0164441 3.23751e-05
          46   0.0161459   0.0164376 3.23201e-05
          47   0.0161896   0.0164323 3.20621e-05
          48   0.0162836   0.0164292 3.15396e-05
          49   0.0162724    0.016426 3.10546e-05
          50   0.0163755    0.016425 3.04439e-05
