           1   0.0126918   0.0126918           0
           2   0.0126908   0.0126913 4.95991e-07
           3   0.0126906   0.0126911 3.70416e-07
           4   0.0126913   0.0126912 2.69724e-07
           5   0.0126906   0.0126911 2.32648e-07
           6   0.0126919   0.0126912 2.35892e-07
           7   0.0126916   0.0126913 2.08024e-07
           8    0.012691   0.0126912 1.81996e-07
           9   0.0126923   0.0126913 1.97179e-07
          10   0.0126919   0.0126914 1.85324e-07
          11   0.0126917   0.0126914 1.69539e-07
          12   0.0126916   0.0126914 1.55317e-07
          13   0.0126925   0.0126915 1.63145e-07
          14   0.0126904   0.0126914  1.6925e-07
          15   0.0126902   0.0126914 1.76453e-07
          16   0.0126912   0.0126914 1.65357e-07
          17   0.0126914   0.0126914 1.55327e-07
          18   0.0126912   0.0126913 1.46816e-07
          19   0.0126906   0.0126913 1.44948e-07
          20   0.0126903   0.0126912 1.46214e-07
          21   0.0126891   0.0126911 1.73565e-07
          22   0.0126918   0.0126912 1.68136e-07
          23   0.0126899   0.0126911 1.69475e-07
          24   0.0126904   0.0126911 1.65185e-07
          25    0.012689    0.012691  1.7896e-07
          26   0.0126899    0.012691 1.77387e-07
          27   0.0126898   0.0126909 1.75877e-07
          28   0.0126888   0.0126908 1.85418e-07
          29   0.0126884   0.0126908 1.97199e-07
          30   0.0126882   0.0126907 2.08753e-07
          31   0.0126908   0.0126907 2.01943e-07
          32   0.0126887   0.0126906 2.05181e-07
          33   0.0126905   0.0126906 1.98914e-07
          34    0.012689   0.0126906 1.98687e-07
          35   0.0126894   0.0126905 1.95902e-07
          36   0.0126895   0.0126905 1.92514e-07
          37   0.0126903   0.0126905 1.87321e-07
          38   0.0126905   0.0126905 1.82328e-07
          39   0.0126896   0.0126905 1.79054e-07
          40   0.0126912   0.0126905 1.75453e-07
          41   0.0126908   0.0126905 1.71285e-07
          42   0.0126906   0.0126905 1.67184e-07
          43   0.0126903   0.0126905 1.63291e-07
          44   0.0126911   0.0126905 1.60132e-07
          45   0.0126908   0.0126905 1.56686e-07
          46    0.012691   0.0126905 1.53557e-07
          47   0.0126918   0.0126906 1.52736e-07
          48   0.0126913   0.0126906 1.50334e-07
          49   0.0126914   0.0126906 1.48303e-07
          50   0.0126908   0.0126906 1.45378e-07
