           1 -0.00396653 -0.00396653           0
           2 -0.00383171 -0.00389912 6.74065e-05
           3 -0.00362286 -0.00380703  9.9973e-05
           4 -0.00359697 -0.00375452 8.80635e-05
           5 -0.00361928 -0.00372747 7.33801e-05
           6 -0.00366594 -0.00371722 6.07858e-05
           7 -0.00355649 -0.00369426 5.62708e-05
           8 -0.00377303  -0.0037041 4.97169e-05
           9 -0.00405435 -0.00374302 5.86256e-05
          10 -0.00379668 -0.00374839 5.27102e-05
          11 -0.00384972  -0.0037576 4.85601e-05
          12 -0.00383027 -0.00376365 4.47409e-05
          13 -0.00360314 -0.00375131 4.29679e-05
          14 -0.00362537 -0.00374231  4.0785e-05
          15 -0.00369547 -0.00373919  3.8097e-05
          16 -0.00393384 -0.00375135 3.76559e-05
          17 -0.00382044 -0.00375542 3.56042e-05
          18 -0.00353588 -0.00374322 3.57151e-05
          19 -0.00370038 -0.00374097 3.38583e-05
          20  -0.0038915 -0.00374849 3.29908e-05
          21 -0.00395466 -0.00375831 3.28804e-05
          22 -0.00408445 -0.00377314 3.46786e-05
          23 -0.00360023 -0.00376562 3.39786e-05
          24 -0.00351122 -0.00375502 3.42154e-05
          25 -0.00350586 -0.00374505 3.42982e-05
          26 -0.00348497 -0.00373505 3.44375e-05
          27  -0.0032693  -0.0037178 3.73584e-05
          28 -0.00332964 -0.00370394 3.85764e-05
          29 -0.00364291 -0.00370183 3.72818e-05
          30 -0.00418364 -0.00371789 3.94361e-05
          31 -0.00426674  -0.0037356 4.20515e-05
          32 -0.00426116 -0.00375202 4.39039e-05
          33 -0.00360322 -0.00374751 4.27909e-05
          34 -0.00357339 -0.00374239  4.1828e-05
          35 -0.00383669 -0.00374509 4.07046e-05
          36 -0.00386998 -0.00374855 3.97096e-05
          37 -0.00389536 -0.00375252 3.88247e-05
          38 -0.00366831 -0.00375031 3.78541e-05
          39 -0.00391088 -0.00375442 3.70999e-05
          40 -0.00384418 -0.00375667 3.62301e-05
          41 -0.00378793 -0.00375743 3.53436e-05
          42 -0.00378147   -0.003758 3.44966e-05
          43 -0.00363631 -0.00375517 3.38034e-05
          44 -0.00378109 -0.00375576 3.30315e-05
          45 -0.00365611 -0.00375355  3.2365e-05
          46 -0.00345493 -0.00374706 3.23124e-05
          47 -0.00349779 -0.00374175 3.20591e-05
          48 -0.00359226 -0.00373864 3.15383e-05
          49 -0.00358093 -0.00373542 3.10552e-05
          50 -0.00368469  -0.0037344 3.04446e-05
