           1      1.1994      1.1994           0
           2     1.18962     1.19451  0.00488898
           3     1.17457     1.18787  0.00722168
           4     1.17276     1.18409  0.00635123
           5     1.17431     1.18213  0.00529376
           6     1.17776     1.18141  0.00438326
           7     1.16986     1.17976  0.00405491
           8     1.18541     1.18046  0.00358214
           9     1.20576     1.18327  0.00422819
          10     1.18718     1.18366  0.00380191
          11     1.19098     1.18433  0.00350269
          12     1.18957     1.18477  0.00322723
          13     1.17328     1.18388  0.00309725
          14     1.17474     1.18323  0.00294095
          15     1.17977       1.183  0.00274757
          16       1.197     1.18387  0.00271505
          17     1.18885     1.18417  0.00256708
          18     1.16835     1.18329  0.00257492
          19     1.18015     1.18312  0.00244123
          20     1.19389     1.18366   0.0023777
          21     1.19835     1.18436  0.00236732
          22     1.20789     1.18543  0.00249771
          23     1.17289     1.18489  0.00244811
          24     1.16651     1.18412  0.00246571
          25     1.16603      1.1834  0.00247323
          26     1.16459     1.18267  0.00248387
          27     1.14906     1.18143  0.00269495
          28     1.15333     1.18042  0.00278407
          29     1.17586     1.18027  0.00269096
          30     1.21477     1.18142   0.0028428
          31     1.22094     1.18269   0.0030308
          32     1.22039     1.18387  0.00316219
          33     1.17315     1.18355  0.00308205
          34     1.17089     1.18317   0.0030131
          35     1.18988     1.18336    0.002932
          36     1.19228     1.18361  0.00286015
          37     1.19417      1.1839  0.00279636
          38     1.17783     1.18374  0.00272645
          39     1.19524     1.18403  0.00267194
          40     1.19055      1.1842  0.00260937
          41     1.18647     1.18425  0.00254554
          42     1.18599     1.18429  0.00248453
          43     1.17552     1.18409  0.00243463
          44       1.186     1.18413  0.00237905
          45     1.17698     1.18397  0.00233101
          46      1.1625     1.18351  0.00232705
          47     1.16565     1.18313  0.00230847
          48     1.17242      1.1829  0.00227085
          49     1.17161     1.18267  0.00223593
          50     1.17904      1.1826  0.00219196
