           1    0.772326    0.772326           0
           2    0.789997    0.781161  0.00883546
           3    0.780943    0.781089  0.00510167
           4    0.771127    0.778598   0.0043836
           5    0.791365    0.781152  0.00424846
           6    0.773922    0.779947  0.00367217
           7    0.785224    0.780701   0.0031938
           8    0.776622    0.780191   0.0028125
           9    0.771603    0.779237  0.00265759
          10    0.778745    0.779187  0.00237753
          11    0.780155    0.779275  0.00215236
          12    0.780365    0.779366  0.00196692
          13    0.785975    0.779875  0.00187937
          14    0.778362    0.779767  0.00174331
          15    0.765337    0.778805  0.00188661
          16    0.792406    0.779655  0.00195884
          17    0.786184    0.780039  0.00187966
          18    0.768549      0.7794  0.00188362
          19    0.781624    0.779517  0.00178557
          20    0.777991    0.779441  0.00169565
          21    0.791063    0.779995  0.00170519
          22    0.771784    0.779621  0.00166812
          23    0.782069    0.779728  0.00159749
          24    0.788756    0.780104  0.00157506
          25    0.767119    0.779585  0.00159754
          26    0.790216    0.779993   0.0015884
          27    0.780225    0.780002  0.00152846
          28      0.7738    0.779781  0.00148942
          29    0.790931    0.780165  0.00148769
          30    0.775014    0.779993  0.00144747
          31    0.768625    0.779627  0.00144723
          32    0.782532    0.779717  0.00140422
          33    0.778605    0.779684  0.00136142
          34    0.789779    0.779981  0.00135373
          35    0.790818     0.78029  0.00135046
          36     0.77939    0.780265  0.00131265
          37    0.782352    0.780322  0.00127793
          38    0.774109    0.780158  0.00125454
          39    0.787157    0.780338  0.00123506
          40    0.772088    0.780131  0.00122132
          41    0.767757     0.77983   0.0012288
          42     0.78001    0.779834   0.0011992
          43     0.77121    0.779633  0.00118803
          44    0.784169    0.779736  0.00116528
          45    0.792802    0.780027  0.00117552
          46    0.761512    0.779624   0.0012181
          47    0.776867    0.779566  0.00119334
          48    0.790387    0.779791  0.00118977
          49     0.78037    0.779803   0.0011653
          50    0.771459    0.779636  0.00115389
