           1  -0.0510878  -0.0510878           0
           2   -0.051086  -0.0510869 8.60514e-07
           3  -0.0510853  -0.0510864 7.39042e-07
           4  -0.0510768   -0.051084 2.45375e-06
           5  -0.0510816  -0.0510835 1.95691e-06
           6  -0.0510962  -0.0510856 2.65387e-06
           7   -0.051059  -0.0510818 4.41842e-06
           8  -0.0510802  -0.0510816 3.83162e-06
           9  -0.0510867  -0.0510822 3.42643e-06
          10  -0.0510884  -0.0510828 3.12714e-06
          11  -0.0510784  -0.0510824 2.85609e-06
          12  -0.0510924  -0.0510832  2.7369e-06
          13  -0.0510976  -0.0510843 2.75068e-06
          14   -0.051089  -0.0510847 2.56833e-06
          15  -0.0510784  -0.0510843  2.4268e-06
          16  -0.0510822  -0.0510841  2.2737e-06
          17  -0.0510914  -0.0510846 2.17815e-06
          18  -0.0510743   -0.051084 2.13076e-06
          19  -0.0510782  -0.0510837 2.03848e-06
          20  -0.0510799  -0.0510835 1.94321e-06
          21  -0.0510929  -0.0510839  1.9015e-06
          22  -0.0510835  -0.0510839 1.81311e-06
          23  -0.0510754  -0.0510835 1.77131e-06
          24  -0.0510855  -0.0510836 1.69784e-06
          25  -0.0510696  -0.0510831 1.72249e-06
          26  -0.0510898  -0.0510833 1.67481e-06
          27  -0.0510854  -0.0510834 1.61345e-06
          28  -0.0510734   -0.051083 1.59544e-06
          29  -0.0510904  -0.0510833 1.56005e-06
          30  -0.0510723  -0.0510829 1.55094e-06
          31  -0.0510794  -0.0510828 1.50435e-06
          32  -0.0510778  -0.0510827 1.46508e-06
          33  -0.0510773  -0.0510825 1.42935e-06
          34  -0.0510877  -0.0510827 1.39496e-06
          35  -0.0510883  -0.0510828 1.36424e-06
          36  -0.0510937  -0.0510831 1.35978e-06
          37  -0.0510911  -0.0510833 1.34012e-06
          38  -0.0510715   -0.051083 1.34102e-06
          39  -0.0510825   -0.051083 1.30625e-06
          40  -0.0510665  -0.0510826  1.3381e-06
          41  -0.0510874  -0.0510827 1.31021e-06
          42  -0.0510894  -0.0510829  1.2886e-06
          43  -0.0510724  -0.0510826 1.28154e-06
          44  -0.0510807  -0.0510826 1.25286e-06
          45  -0.0510891  -0.0510827 1.23322e-06
          46  -0.0510636  -0.0510823 1.27601e-06
          47  -0.0510914  -0.0510825 1.26342e-06
          48  -0.0510815  -0.0510825 1.23701e-06
          49   -0.051084  -0.0510825 1.21191e-06
          50  -0.0510819  -0.0510825 1.18748e-06
