           1   0.0107267   0.0107267           0
           2   0.0109722   0.0108495 0.000122715
           3   0.0108464   0.0108485 7.08565e-05
           4   0.0107101   0.0108139 6.08834e-05
           5   0.0109912   0.0108493 5.90064e-05
           6   0.0107489   0.0108326 5.10024e-05
           7   0.0109059   0.0108431 4.43583e-05
           8   0.0107864    0.010836 3.90625e-05
           9   0.0107167   0.0108227  3.6911e-05
          10   0.0108159    0.010822 3.30213e-05
          11   0.0108355   0.0108233 2.98939e-05
          12   0.0108384   0.0108245 2.73184e-05
          13   0.0109163   0.0108316 2.61023e-05
          14   0.0108106   0.0108301 2.42126e-05
          15   0.0106297   0.0108167 2.62028e-05
          16   0.0110056   0.0108285 2.72061e-05
          17   0.0109192   0.0108339 2.61064e-05
          18   0.0106743    0.010825 2.61614e-05
          19   0.0108559   0.0108266 2.47995e-05
          20   0.0108054   0.0108256 2.35507e-05
          21    0.010987   0.0108333 2.36832e-05
          22   0.0107192   0.0108281 2.31683e-05
          23   0.0108621   0.0108296 2.21873e-05
          24   0.0109549   0.0108348 2.18758e-05
          25   0.0106544   0.0108276  2.2188e-05
          26   0.0109752   0.0108332 2.20611e-05
          27   0.0108365   0.0108334 2.12286e-05
          28   0.0107472   0.0108303 2.06864e-05
          29   0.0109852   0.0108356 2.06624e-05
          30   0.0107641   0.0108332 2.01038e-05
          31   0.0106753   0.0108281 2.01005e-05
          32   0.0108685   0.0108294  1.9503e-05
          33    0.010814   0.0108289 1.89086e-05
          34   0.0109691   0.0108331 1.88018e-05
          35   0.0109836   0.0108374 1.87564e-05
          36   0.0108249    0.010837 1.82312e-05
          37    0.010866   0.0108378  1.7749e-05
          38   0.0107515   0.0108355 1.74242e-05
          39   0.0109327    0.010838 1.71536e-05
          40   0.0107234   0.0108352 1.69628e-05
          41   0.0106633    0.010831 1.70667e-05
          42   0.0108335    0.010831 1.66555e-05
          43   0.0107112   0.0108282 1.65004e-05
          44   0.0108912   0.0108297 1.61845e-05
          45   0.0110111   0.0108337 1.63266e-05
          46   0.0105766   0.0108281  1.6918e-05
          47   0.0107898   0.0108273 1.65742e-05
          48   0.0109776   0.0108304 1.65246e-05
          49   0.0108385   0.0108306 1.61847e-05
          50   0.0107147   0.0108283 1.60262e-05
