           1  -0.0618145  -0.0618145           0
           2  -0.0620582  -0.0619364 0.000121854
           3  -0.0619317  -0.0619348 7.03697e-05
           4  -0.0617869  -0.0618978 6.20001e-05
           5  -0.0620728  -0.0619328 5.94245e-05
           6  -0.0618451  -0.0619182 5.06737e-05
           7  -0.0619648  -0.0619249 4.33424e-05
           8  -0.0618666  -0.0619176 3.82349e-05
           9  -0.0618034  -0.0619049 3.60272e-05
          10  -0.0619043  -0.0619048 3.22238e-05
          11  -0.0619139  -0.0619057 2.91592e-05
          12  -0.0619308  -0.0619078 2.67008e-05
          13   -0.062014  -0.0619159 2.58839e-05
          14  -0.0618996  -0.0619148 2.39923e-05
          15  -0.0617081   -0.061901 2.62423e-05
          16  -0.0620878  -0.0619127 2.71839e-05
          17  -0.0620106  -0.0619184 2.61768e-05
          18  -0.0617486   -0.061909 2.64214e-05
          19  -0.0619341  -0.0619103 2.50269e-05
          20  -0.0618853  -0.0619091 2.37755e-05
          21  -0.0620798  -0.0619172 2.40329e-05
          22  -0.0618028   -0.061912 2.34975e-05
          23  -0.0619375  -0.0619131   2.248e-05
          24  -0.0620404  -0.0619184 2.21673e-05
          25   -0.061724  -0.0619106 2.26392e-05
          26   -0.062065  -0.0619166 2.25466e-05
          27  -0.0619219  -0.0619168 2.16964e-05
          28  -0.0618206  -0.0619133 2.11873e-05
          29  -0.0620755  -0.0619189  2.1195e-05
          30  -0.0618364  -0.0619162 2.06602e-05
          31  -0.0617548   -0.061911 2.06499e-05
          32  -0.0619463  -0.0619121 2.00246e-05
          33  -0.0618912  -0.0619114 1.94185e-05
          34  -0.0620568  -0.0619157 1.93179e-05
          35  -0.0620719  -0.0619202 1.92815e-05
          36  -0.0619186  -0.0619201 1.87383e-05
          37  -0.0619571  -0.0619211 1.82522e-05
          38   -0.061823  -0.0619186 1.79521e-05
          39  -0.0620153   -0.061921 1.76607e-05
          40    -0.06179  -0.0619178 1.75225e-05
          41  -0.0617506  -0.0619137  1.7569e-05
          42  -0.0619229  -0.0619139  1.7147e-05
          43  -0.0617837  -0.0619109 1.70152e-05
          44  -0.0619719  -0.0619123 1.66818e-05
          45  -0.0621002  -0.0619164 1.68335e-05
          46  -0.0616401  -0.0619104  1.7525e-05
          47  -0.0618812  -0.0619098 1.71594e-05
          48  -0.0620591  -0.0619129 1.70835e-05
          49  -0.0619225  -0.0619131 1.67324e-05
          50  -0.0617967  -0.0619108  1.6559e-05
