96.82
98.4
107.82
76.28
81.14
75.88
93.92
129.96
95.08
129.54
90.48
84.94
101.16
102.86
105.04
76.38
108.96
83.34
108.44
77.18
110.02
103.24
71.78
125.52
96.34
70.56
116.18
102.72
98.82
112.02
113.08
80.88
101.06
101.72
115.58
94.88
80.04
108.94
88.98
104.36
93.98
111
92.08
104.28
116.98
91.94
88.98
100.82
100.48
104.9
105.88
97.98
107.64
109.1
85.62
83.74
119.36
119.08
89.16
115.42
100.24
107.52
112.14
85.38
94.48
88.36
90.74
119.44
92.42
82.94
93.02
115.56
92.1
111.1
94.8
108.7
92.88
110.2
94.12
91.42
59.32
87.58
92.78
96.18
110.16
84.96
123.54
104.86
106.92
102.2
99.38
82.2
101.64
117.46
100.66
101.86
68.94
104.6
99.54
74.72
