1    -0.448258    0
2    -0.457975    0.00971628
3    -0.455927    0.0059717
4    -0.454117    0.00459413
5    -0.450437    0.00511921
6    -0.450532    0.0041809
7    -0.447893    0.00441009
8    -0.447148    0.0038913
9    -0.447063    0.00343285
10    -0.447234    0.00307517
11    -0.44635    0.00291871
12    -0.446335    0.00266445
13    -0.446347    0.00245097
14    -0.446025    0.00229184
15    -0.444922    0.00240199
16    -0.444596    0.0022704
17    -0.444138    0.00218114
18    -0.444567    0.00210053
19    -0.444758    0.00199611
20    -0.44284    0.00269554
21    -0.442996    0.0025687
22    -0.442534    0.00249231
23    -0.442761    0.00239227
24    -0.442485    0.00230694
25    -0.442192    0.00223207
26    -0.442277    0.00214618
27    -0.44222    0.00206596
28    -0.442295    0.00199224
29    -0.442141    0.00192845
30    -0.442591    0.00191665
31    -0.442266    0.00188217
32    -0.44266    0.00186462
33    -0.442454    0.00181901
34    -0.442606    0.00177127
35    -0.442968    0.00175758
36    -0.443083    0.0017119
37    -0.443267    0.00167513
38    -0.443314    0.00163113
39    -0.443245    0.00159023
40    -0.443333    0.00155243
41    -0.442997    0.00155077
42    -0.44277    0.00153035
43    -0.442673    0.0014975
44    -0.442277    0.00151563
45    -0.442274    0.00148157
46    -0.442582    0.00148149
47    -0.442682    0.00145306
48    -0.442953    0.00144799
49    -0.443134    0.00142963
50    -0.443186    0.0014017
51    -0.443091    0.00137718
52    -0.443179    0.00135331
53    -0.443198    0.00132766
54    -0.443283    0.00130559
55    -0.443152    0.00128823
56    -0.443145    0.00126504
57    -0.443133    0.0012427
58    -0.443092    0.00122178
59    -0.443005    0.00120407
60    -0.442975    0.00118419
61    -0.443007    0.00116505
62    -0.442931    0.00114863
63    -0.442945    0.00113034
64    -0.442853    0.00111633
65    -0.443088    0.00112385
66    -0.443097    0.00110672
67    -0.443283    0.00110591
68    -0.443235    0.00109057
69    -0.443345    0.00108021
70    -0.443509    0.00107728
71    -0.443529    0.00106218
72    -0.443487    0.00104817
73    -0.44365    0.00104645
74    -0.443645    0.00103222
75    -0.44385    0.00103871
76    -0.443933    0.00102829
77    -0.444018    0.00101843
78    -0.44419    0.00101994
79    -0.444257    0.00100913
80    -0.444207    0.000997661
81    -0.444155    0.000986645
82    -0.444147    0.000974568
83    -0.444114    0.000963324
84    -0.444125    0.000951851
85    -0.444296    0.000955917
86    -0.444329    0.000945309
87    -0.444332    0.000934386
88    -0.444358    0.000924062
89    -0.444393    0.000914284
90    -0.444218    0.000920749
91    -0.4441    0.000918249
92    -0.444044    0.000909923
93    -0.44407    0.000900464
94    -0.444066    0.000890842
95    -0.443938    0.000890593
96    -0.443909    0.000881755
97    -0.443883    0.000873005
98    -0.443935    0.000865606
99    -0.443858    0.000860273
100    -0.443955    0.000857083
