-4.995                   0
-4.985                   0
-4.975                   0
-4.965                   0
-4.955                   0
-4.945                   0
-4.935                   0
-4.925                   0
-4.915                   0
-4.905                   0
-4.895                   0
-4.885                   0
-4.875                   0
-4.865                   0
-4.855                   0
-4.845                   0
-4.835                   0
-4.825                   0
-4.815                   0
-4.805                   0
-4.795                   0
-4.785                   0
-4.775                   0
-4.765                   0
-4.755                   0
-4.745                   0
-4.735                   0
-4.725                   0
-4.715                   0
-4.705                   0
-4.695                   0
-4.685                   0
-4.675                   0
-4.665                   0
-4.655                   0
-4.645                   0
-4.635                   0
-4.625                   0
-4.615                   0
-4.605                   0
-4.595                   0
-4.585                   0
-4.575                   0
-4.565                   0
-4.555                   0
-4.545                   0
-4.535                   0
-4.525                   0
-4.515                   0
-4.505                   0
-4.495                   0
-4.485                   0
-4.475                   0
-4.465                   0
-4.455                   0
-4.445                   0
-4.435                   0
-4.425                   0
-4.415                   0
-4.405                   0
-4.395                   0
-4.385                   0
-4.375                   0
-4.365                   0
-4.355                   0
-4.345                   0
-4.335                   0
-4.325                   0
-4.315                   0
-4.305                   0
-4.295                   0
-4.285                   0
-4.275                   0
-4.265                   0
-4.255                   0
-4.245                   0
-4.235                   0
-4.225                   0
-4.215                   0
-4.205                   0
-4.195                   0
-4.185                   0
-4.175                   0
-4.165                   0
-4.155                   0
-4.145                   0
-4.135                   0
-4.125                   0
-4.115                   0
-4.105                   0
-4.095                   0
-4.085                   0
-4.075                   0
-4.065                   0
-4.055                   0
-4.045                   0
-4.035                   0
-4.025                   0
-4.015                   0
-4.005                   0
-3.995                   0
-3.985                   0
-3.975                   0
-3.965                   0
-3.955                   0
-3.945                   0
-3.935                   0
-3.925                   0
-3.915                   0
-3.905                   0
-3.895                   0
-3.885                   0
-3.875                   0
-3.865                   0
-3.855                   0
-3.845                   0
-3.835                   0
-3.825                   0
-3.815                   0
-3.805                   0
-3.795                   0
-3.785                   0
-3.775                   0
-3.765                   0
-3.755                   0
-3.745                   0
-3.735                   0
-3.725                   0
-3.715                   0
-3.705                   0
-3.695                   0
-3.685                   0
-3.675                   0
-3.665                   0
-3.655                   0
-3.645                   0
-3.635                   0
-3.625                   0
-3.615                   0
-3.605                   0
-3.595                   0
-3.585                   0
-3.575                   0
-3.565                   0
-3.555                   0
-3.545                   0
-3.535                   0
-3.525                   0
-3.515                   0
-3.505                   0
-3.495                   0
-3.485                   0
-3.475                   0
-3.465                   0
-3.455                   0
-3.445                   0
-3.435                   0
-3.425                   0
-3.415                   0
-3.405                   0
-3.395                   0
-3.385                   0
-3.375                   0
-3.365                   0
-3.355                   0
-3.345                   0
-3.335                   0
-3.325                   0
-3.315                   0
-3.305                   0
-3.295                   0
-3.285                   0
-3.275                   0
-3.265                   0
-3.255                   0
-3.245                   0
-3.235                   0
-3.225                   0
-3.215                   0
-3.205                   0
-3.195                   0
-3.185                   0
-3.175                   0
-3.165                   0
-3.155                   0
-3.145                   0
-3.135                   0
-3.125                   0
-3.115                   0
-3.105                   0
-3.095                   0
-3.085                   0
-3.075                   0
-3.065                   0
-3.055                   0
-3.045                   0
-3.035                   0
-3.025                   0
-3.015                   0
-3.005                   0
-2.995                   0
-2.985                   0
-2.975                   0
-2.965                   0
-2.955                   0
-2.945                   0
-2.935                   0
-2.925                   0
-2.915                   0
-2.905                   0
-2.895                   0
-2.885                   0
-2.875                   0
-2.865                   0
-2.855                   0
-2.845                   0
-2.835                   0
-2.825                   0
-2.815              0.0001
-2.805                   0
-2.795                   0
-2.785                   0
-2.775              0.0005
-2.765                   0
-2.755                   0
-2.745                   0
-2.735                   0
-2.725              0.0002
-2.715                   0
-2.705                   0
-2.695                   0
-2.685              0.0002
-2.675                   0
-2.665                   0
-2.655                   0
-2.645              0.0001
-2.635                   0
-2.625                   0
-2.615              0.0003
-2.605                   0
-2.595                   0
-2.585                   0
-2.575                   0
-2.565                   0
-2.555                   0
-2.545              0.0001
-2.535              0.0002
-2.525                   0
-2.515              0.0004
-2.505              0.0001
-2.495                   0
-2.485              0.0006
-2.475              0.0002
-2.465              0.0002
-2.455              0.0008
-2.445                   0
-2.435              0.0002
-2.425              0.0002
-2.415              0.0002
-2.405              0.0006
-2.395              0.0011
-2.385              0.0001
-2.375              0.0015
-2.365               0.001
-2.355              0.0014
-2.345              0.0001
-2.335              0.0004
-2.325              0.0005
-2.315              0.0016
-2.305              0.0014
-2.295              0.0016
-2.285              0.0012
-2.275              0.0018
-2.265              0.0018
-2.255              0.0021
-2.245              0.0019
-2.235              0.0022
-2.225              0.0034
-2.215              0.0019
-2.205              0.0022
-2.195               0.003
-2.185              0.0014
-2.175               0.003
-2.165              0.0024
-2.155               0.005
-2.145              0.0038
-2.135              0.0033
-2.125              0.0034
-2.115              0.0082
-2.105              0.0037
-2.095               0.006
-2.085              0.0063
-2.075               0.008
-2.065              0.0059
-2.055              0.0072
-2.045              0.0085
-2.035              0.0093
-2.025              0.0073
-2.015              0.0085
-2.005              0.0092
-1.995              0.0138
-1.985              0.0096
-1.975              0.0127
-1.965              0.0079
-1.955              0.0111
-1.945              0.0144
-1.935              0.0155
-1.925              0.0156
-1.915              0.0126
-1.905              0.0176
-1.895              0.0177
-1.885              0.0177
-1.875              0.0208
-1.865              0.0222
-1.855              0.0246
-1.845              0.0272
-1.835              0.0209
-1.825              0.0269
-1.815              0.0273
-1.805              0.0306
-1.795              0.0323
-1.785              0.0346
-1.775              0.0356
-1.765              0.0325
-1.755               0.037
-1.745                0.04
-1.735              0.0398
-1.725              0.0435
-1.715              0.0463
-1.705              0.0509
-1.695              0.0478
-1.685              0.0516
-1.675              0.0591
-1.665              0.0585
-1.655              0.0613
-1.645              0.0602
-1.635              0.0593
-1.625              0.0689
-1.615              0.0733
-1.605              0.0756
-1.595              0.0777
-1.585               0.086
-1.575              0.0912
-1.565              0.0906
-1.555              0.0968
-1.545              0.0957
-1.535              0.0867
-1.525              0.1035
-1.515              0.1024
-1.505               0.105
-1.495              0.1166
-1.485              0.1166
-1.475              0.1196
-1.465              0.1294
-1.455              0.1299
-1.445              0.1311
-1.435              0.1383
-1.425               0.144
-1.415              0.1501
-1.405              0.1532
-1.395              0.1474
-1.385              0.1603
-1.375              0.1645
-1.365              0.1758
-1.355              0.1659
-1.345              0.1709
-1.335              0.1843
-1.325              0.1982
-1.315              0.1875
-1.305              0.2041
-1.295               0.211
-1.285              0.2198
-1.275              0.2199
-1.265              0.2168
-1.255              0.2336
-1.245              0.2225
-1.235              0.2401
-1.225              0.2334
-1.215              0.2555
-1.205              0.2535
-1.195              0.2541
-1.185               0.263
-1.175              0.2597
-1.165              0.2733
-1.155              0.2833
-1.145               0.264
-1.135              0.2973
-1.125               0.302
-1.115              0.2937
-1.105              0.3062
-1.095              0.3064
-1.085              0.3074
-1.075              0.3147
-1.065              0.3406
-1.055              0.3189
-1.045               0.328
-1.035               0.356
-1.025              0.3379
-1.015              0.3373
-1.005              0.3391
-0.995              0.3609
-0.985              0.3546
-0.975              0.3577
-0.965               0.367
-0.955               0.373
-0.945              0.3767
-0.935              0.3717
-0.925              0.3841
-0.915              0.3701
-0.905              0.3715
-0.895              0.3852
-0.885               0.397
-0.875              0.3849
-0.865               0.377
-0.855              0.3983
-0.845              0.3958
-0.835              0.3993
-0.825              0.4026
-0.815              0.4067
-0.805              0.3896
-0.795               0.402
-0.785              0.3928
-0.775              0.4092
-0.765              0.4023
-0.755              0.4091
-0.745              0.3969
-0.735              0.4118
-0.725              0.4052
-0.715               0.398
-0.705              0.4069
-0.695              0.4061
-0.685              0.4007
-0.675               0.398
-0.665              0.4016
-0.655              0.4011
-0.645              0.4226
-0.635              0.3972
-0.625              0.4171
-0.615              0.3905
-0.605              0.4036
-0.595              0.3948
-0.585              0.4153
-0.575              0.3928
-0.565               0.381
-0.555              0.4009
-0.545              0.4006
-0.535               0.375
-0.525              0.4043
-0.515              0.3925
-0.505              0.3895
-0.495              0.3681
-0.485              0.3742
-0.475              0.3704
-0.465              0.3555
-0.455              0.3727
-0.445              0.3586
-0.435               0.361
-0.425               0.355
-0.415              0.3601
-0.405              0.3563
-0.395              0.3642
-0.385              0.3557
-0.375              0.3508
-0.365              0.3566
-0.355              0.3668
-0.345               0.374
-0.335              0.3526
-0.325              0.3161
-0.315                0.35
-0.305              0.3599
-0.295              0.3365
-0.285              0.3191
-0.275              0.3343
-0.265              0.3345
-0.255              0.3169
-0.245              0.3124
-0.235              0.3221
-0.225              0.3336
-0.215              0.3193
-0.205              0.3307
-0.195              0.3165
-0.185              0.3117
-0.175              0.3133
-0.165              0.3103
-0.155              0.3218
-0.145              0.2898
-0.135              0.3106
-0.125              0.3116
-0.115              0.2915
-0.105              0.2949
-0.095              0.3124
-0.085              0.3047
-0.075              0.3062
-0.065              0.2903
-0.055              0.2809
-0.045              0.3075
-0.035              0.2974
-0.025              0.2928
-0.015              0.2897
-0.005              0.3116
0.005               0.308
0.015               0.301
0.025              0.2973
0.035              0.2944
0.045              0.3145
0.055              0.3044
0.065              0.3024
0.075              0.3263
0.085              0.3034
0.095               0.286
0.105               0.311
0.115              0.3021
0.125              0.3017
0.135              0.2985
0.145              0.2895
0.155              0.3069
0.165              0.3238
0.175              0.3138
0.185              0.3133
0.195              0.3021
0.205              0.3215
0.215              0.3186
0.225              0.3198
0.235               0.316
0.245              0.3273
0.255              0.3206
0.265              0.3276
0.275              0.3352
0.285              0.3146
0.295              0.3239
0.305              0.3392
0.315              0.3289
0.325              0.3331
0.335              0.3542
0.345              0.3459
0.355              0.3489
0.365              0.3469
0.375              0.3466
0.385              0.3399
0.395              0.3499
0.405               0.363
0.415              0.3752
0.425              0.3505
0.435              0.3804
0.445              0.3566
0.455              0.3637
0.465              0.3781
0.475              0.4083
0.485              0.3793
0.495              0.4008
0.505              0.3648
0.515              0.4072
0.525              0.3897
0.535              0.3855
0.545              0.4061
0.555              0.3895
0.565              0.4036
0.575               0.392
0.585              0.3945
0.595              0.3985
0.605               0.421
0.615              0.4044
0.625              0.4119
0.635              0.4026
0.645              0.3777
0.655              0.4052
0.665              0.4156
0.675              0.4085
0.685              0.4094
0.695              0.3927
0.705              0.4145
0.715              0.3885
0.725              0.4003
0.735              0.4145
0.745              0.4179
0.755              0.3946
0.765              0.3889
0.775              0.4098
0.785              0.4164
0.795              0.4031
0.805              0.4095
0.815              0.3943
0.825                0.39
0.835              0.3866
0.845              0.4202
0.855              0.3846
0.865               0.367
0.875              0.3835
0.885              0.3871
0.895              0.3676
0.905              0.3723
0.915              0.3817
0.925              0.3556
0.935              0.3676
0.945              0.3647
0.955               0.353
0.965              0.3554
0.975              0.3666
0.985              0.3524
0.995              0.3472
1.005              0.3306
1.015              0.3453
1.025              0.3312
1.035              0.3301
1.045              0.3481
1.055              0.3268
1.065              0.3045
1.075              0.3054
1.085              0.2976
1.095               0.318
1.105              0.3034
1.115              0.3032
1.125               0.296
1.135              0.3006
1.145               0.296
1.155              0.2758
1.165              0.2641
1.175              0.2527
1.185              0.2567
1.195              0.2693
1.205              0.2656
1.215              0.2476
1.225              0.2429
1.235              0.2393
1.245              0.2209
1.255               0.223
1.265              0.2148
1.275              0.2036
1.285              0.1951
1.295              0.1996
1.305              0.1866
1.315              0.1945
1.325              0.1887
1.335              0.1824
1.345              0.1846
1.355              0.1829
1.365              0.1621
1.375              0.1717
1.385              0.1626
1.395              0.1515
1.405              0.1482
1.415                0.15
1.425              0.1436
1.435              0.1488
1.445              0.1269
1.455              0.1329
1.465              0.1181
1.475              0.1314
1.485              0.1289
1.495              0.1207
1.505              0.1109
1.515              0.0969
1.525               0.095
1.535              0.1034
1.545              0.0875
1.555              0.0875
1.565              0.0939
1.575              0.0851
1.585              0.0824
1.595              0.0805
1.605              0.0744
1.615              0.0654
1.625              0.0603
1.635              0.0688
1.645              0.0678
1.655              0.0619
1.665              0.0554
1.675              0.0561
1.685              0.0494
1.695              0.0443
1.705              0.0481
1.715               0.046
1.725              0.0427
1.735              0.0494
1.745              0.0412
1.755              0.0374
1.765              0.0343
1.775              0.0376
1.785              0.0307
1.795              0.0267
1.805              0.0295
1.815              0.0242
1.825               0.026
1.835              0.0248
1.845              0.0222
1.855                0.03
1.865              0.0201
1.875              0.0168
1.885               0.023
1.895               0.015
1.905              0.0187
1.915              0.0186
1.925              0.0173
1.935              0.0152
1.945              0.0146
1.955               0.015
1.965              0.0097
1.975              0.0095
1.985              0.0099
1.995              0.0103
2.005              0.0097
2.015              0.0104
2.025              0.0088
2.035              0.0092
2.045              0.0044
2.055               0.006
2.065              0.0062
2.075              0.0084
2.085              0.0066
2.095              0.0048
2.105              0.0038
2.115              0.0056
2.125              0.0041
2.135              0.0048
2.145              0.0058
2.155              0.0035
2.165               0.004
2.175               0.004
2.185              0.0028
2.195              0.0035
2.205              0.0023
2.215              0.0037
2.225              0.0042
2.235              0.0014
2.245              0.0005
2.255               0.001
2.265              0.0023
2.275              0.0021
2.285               0.001
2.295              0.0014
2.305              0.0013
2.315              0.0018
2.325              0.0013
2.335              0.0021
2.345              0.0004
2.355              0.0014
2.365              0.0004
2.375              0.0004
2.385              0.0006
2.395              0.0002
2.405              0.0005
2.415              0.0007
2.425                   0
2.435              0.0012
2.445              0.0001
2.455                   0
2.465              0.0003
2.475              0.0004
2.485              0.0002
2.495              0.0002
2.505                   0
2.515              0.0002
2.525                   0
2.535              0.0002
2.545              0.0001
2.555                   0
2.565              0.0004
2.575              0.0002
2.585                   0
2.595                   0
2.605                   0
2.615              0.0002
2.625                   0
2.635                   0
2.645              0.0001
2.655              0.0002
2.665                   0
2.675                   0
2.685                   0
2.695                   0
2.705                   0
2.715                   0
2.725                   0
2.735                   0
2.745                   0
2.755                   0
2.765                   0
2.775                   0
2.785                   0
2.795                   0
2.805                   0
2.815                   0
2.825                   0
2.835                   0
2.845                   0
2.855                   0
2.865                   0
2.875                   0
2.885                   0
2.895                   0
2.905                   0
2.915                   0
2.925                   0
2.935                   0
2.945                   0
2.955                   0
2.965                   0
2.975              0.0001
2.985                   0
2.995                   0
3.005                   0
3.015                   0
3.025                   0
3.035                   0
3.045                   0
3.055                   0
3.065                   0
3.075                   0
3.085                   0
3.095                   0
3.105                   0
3.115                   0
3.125                   0
3.135                   0
3.145                   0
3.155                   0
3.165                   0
3.175                   0
3.185                   0
3.195                   0
3.205                   0
3.215                   0
3.225                   0
3.235                   0
3.245                   0
3.255                   0
3.265                   0
3.275                   0
3.285                   0
3.295                   0
3.305                   0
3.315                   0
3.325                   0
3.335                   0
3.345                   0
3.355                   0
3.365                   0
3.375                   0
3.385                   0
3.395                   0
3.405                   0
3.415                   0
3.425                   0
3.435                   0
3.445                   0
3.455                   0
3.465                   0
3.475                   0
3.485                   0
3.495                   0
3.505                   0
3.515                   0
3.525                   0
3.535                   0
3.545                   0
3.555                   0
3.565                   0
3.575                   0
3.585                   0
3.595                   0
3.605                   0
3.615                   0
3.625                   0
3.635                   0
3.645                   0
3.655                   0
3.665                   0
3.675                   0
3.685                   0
3.695                   0
3.705                   0
3.715                   0
3.725                   0
3.735                   0
3.745                   0
3.755                   0
3.765                   0
3.775                   0
3.785                   0
3.795                   0
3.805                   0
3.815                   0
3.825                   0
3.835                   0
3.845                   0
3.855                   0
3.865                   0
3.875                   0
3.885                   0
3.895                   0
3.905                   0
3.915                   0
3.925                   0
3.935                   0
3.945                   0
3.955                   0
3.965                   0
3.975                   0
3.985                   0
3.995                   0
4.005                   0
4.015                   0
4.025                   0
4.035                   0
4.045                   0
4.055                   0
4.065                   0
4.075                   0
4.085                   0
4.095                   0
4.105                   0
4.115                   0
4.125                   0
4.135                   0
4.145                   0
4.155                   0
4.165                   0
4.175                   0
4.185                   0
4.195                   0
4.205                   0
4.215                   0
4.225                   0
4.235                   0
4.245                   0
4.255                   0
4.265                   0
4.275                   0
4.285                   0
4.295                   0
4.305                   0
4.315                   0
4.325                   0
4.335                   0
4.345                   0
4.355                   0
4.365                   0
4.375                   0
4.385                   0
4.395                   0
4.405                   0
4.415                   0
4.425                   0
4.435                   0
4.445                   0
4.455                   0
4.465                   0
4.475                   0
4.485                   0
4.495                   0
4.505                   0
4.515                   0
4.525                   0
4.535                   0
4.545                   0
4.555                   0
4.565                   0
4.575                   0
4.585                   0
4.595                   0
4.605                   0
4.615                   0
4.625                   0
4.635                   0
4.645                   0
4.655                   0
4.665                   0
4.675                   0
4.685                   0
4.695                   0
4.705                   0
4.715                   0
4.725                   0
4.735                   0
4.745                   0
4.755                   0
4.765                   0
4.775                   0
4.785                   0
4.795                   0
4.805                   0
4.815                   0
4.825                   0
4.835                   0
4.845                   0
4.855                   0
4.865                   0
4.875                   0
4.885                   0
4.895                   0
4.905                   0
4.915                   0
4.925                   0
4.935                   0
4.945                   0
4.955                   0
4.965                   0
4.975                   0
4.985                   0
4.995                   0
