0.717473   0.696586
0.568177   0.822906
0.0837257   0.996489
-0.0581743   0.998306
-0.184166   0.982895
-0.29152   0.956565
-0.321674   0.946851
-0.377   0.926213
-0.594463   0.804123
-0.605069   0.796173
-0.789146   0.614205
-0.996867   0.0790908
-0.9994   -0.0346398
-0.779802   -0.626027
-0.669035   -0.743231
-0.654199   -0.756322
-0.38447   -0.923137
-0.26973   -0.962936
-0.0867556   -0.99623
0.0354729   -0.999371
0.262795   -0.964852
0.382858   -0.923807
0.501189   -0.865338
0.578128   -0.815946
0.809804   -0.5867
0.835074   -0.550137
0.846931   -0.531703
0.891492   -0.453036
0.947697   -0.319171
0.977067   -0.212933
0.993975   -0.109605
0.739064   0.673635
