0   1000   20.4287
1   995   13.9934
2   990.025   11.3962
3   985.075   10.9451
4   980.15   10.167
5   975.249   9.91506
6   970.373   9.89604
7   965.521   9.86058
8   960.693   9.83992
9   955.89   9.83992
10   951.11   9.83992
11   946.355   9.83992
12   941.623   9.83992
13   936.915   9.83992
14   932.23   9.83992
15   927.569   9.83992
16   922.931   9.83992
17   918.316   9.83992
18   913.725   9.83992
19   909.156   9.83992
20   904.61   9.83992
21   900.087   9.83992
22   895.587   9.83992
23   891.109   9.83992
24   886.654   9.83992
25   882.22   9.83992
26   877.809   9.43914
27   873.42   9.43914
28   869.053   9.43914
29   864.708   9.43914
30   860.384   9.43914
31   856.082   9.43914
32   851.802   9.43914
33   847.543   9.43914
34   843.305   9.43914
35   839.089   9.43914
36   834.893   9.43914
37   830.719   9.43914
38   826.565   9.43914
39   822.432   9.43914
40   818.32   9.43914
41   814.229   9.43914
42   810.157   9.43914
43   806.107   9.43914
44   802.076   9.43914
45   798.066   9.43914
46   794.075   9.08655
47   790.105   9.08655
48   786.154   9.08655
49   782.224   9.08655
50   778.313   9.08655
51   774.421   9.08655
52   770.549   9.08655
53   766.696   9.08655
54   762.863   9.08655
55   759.048   9.08655
56   755.253   9.08655
57   751.477   6.2265
58   747.719   6.2265
59   743.981   6.2265
60   740.261   6.2265
61   736.56   6.2265
62   732.877   6.2265
63   729.212   6.2265
64   725.566   6.2265
65   721.939   6.2265
66   718.329   6.2265
67   714.737   6.2265
68   711.164   6.2265
69   707.608   6.2265
70   704.07   6.2265
71   700.549   6.2265
72   697.047   6.2265
73   693.561   6.2265
74   690.094   6.2265
75   686.643   6.2265
76   683.21   6.2265
77   679.794   6.2265
78   676.395   6.2265
79   673.013   6.2265
80   669.648   6.2265
81   666.3   6.2265
82   662.968   6.2265
83   659.653   6.2265
84   656.355   6.2265
85   653.073   6.2265
86   649.808   6.2265
87   646.559   6.2265
88   643.326   6.2265
89   640.109   6.2265
90   636.909   6.2265
91   633.724   6.2265
92   630.556   6.2265
93   627.403   6.2265
94   624.266   6.2265
95   621.145   6.2265
96   618.039   6.2265
97   614.949   6.2265
98   611.874   6.2265
99   608.815   6.2265
100   605.77   6.2265
101   602.742   6.2265
102   599.728   6.2265
103   596.729   6.2265
104   593.746   6.2265
105   590.777   6.2265
106   587.823   6.2265
107   584.884   6.2265
108   581.959   6.2265
109   579.05   6.2265
110   576.154   6.2265
111   573.274   6.2265
112   570.407   6.2265
113   567.555   6.2265
114   564.717   6.2265
115   561.894   6.2265
116   559.084   6.2265
117   556.289   6.2265
118   553.508   6.2265
119   550.74   6.2265
120   547.986   6.2265
121   545.246   6.2265
122   542.52   6.2265
123   539.808   6.2265
124   537.108   6.2265
125   534.423   6.2265
126   531.751   6.2265
127   529.092   6.2265
128   526.447   6.2265
129   523.814   6.2265
130   521.195   6.2265
131   518.589   6.2265
132   515.996   6.2265
133   513.416   6.2265
134   510.849   6.2265
135   508.295   6.2265
136   505.754   6.2265
137   503.225   6.2265
138   500.709   6.2265
139   498.205   6.2265
140   495.714   6.2265
141   493.236   6.2265
142   490.769   6.2265
143   488.316   6.2265
144   485.874   6.2265
145   483.445   6.2265
146   481.027   6.2265
147   478.622   6.2265
148   476.229   6.2265
149   473.848   6.2265
150   471.479   6.2265
151   469.121   6.2265
152   466.776   6.2265
153   464.442   6.2265
154   462.12   6.2265
155   459.809   6.2265
156   457.51   6.2265
157   455.222   6.2265
158   452.946   6.2265
159   450.682   6.2265
160   448.428   6.2265
161   446.186   6.2265
162   443.955   6.2265
163   441.735   6.2265
164   439.527   6.2265
165   437.329   6.2265
166   435.142   6.2265
167   432.967   6.2265
168   430.802   6.2265
169   428.648   6.2265
170   426.505   6.2265
171   424.372   6.2265
172   422.25   6.2265
173   420.139   6.2265
174   418.038   6.2265
175   415.948   6.2265
176   413.868   6.2265
177   411.799   6.2265
178   409.74   6.2265
179   407.691   6.2265
180   405.653   6.2265
181   403.625   6.2265
182   401.606   6.2265
183   399.598   6.2265
184   397.6   6.2265
185   395.612   6.2265
186   393.634   6.2265
187   391.666   6.2265
188   389.708   6.2265
189   387.759   6.2265
190   385.821   6.2265
191   383.891   6.2265
192   381.972   6.2265
193   380.062   6.2265
194   378.162   6.2265
195   376.271   6.2265
196   374.39   6.2265
197   372.518   6.2265
198   370.655   6.2265
199   368.802   6.2265
200   366.958   6.2265
201   365.123   6.2265
202   363.297   6.2265
203   361.481   6.2265
204   359.674   6.2265
205   357.875   6.2265
206   356.086   6.2265
207   354.305   6.2265
208   352.534   6.2265
209   350.771   6.2265
210   349.017   6.2265
211   347.272   6.2265
212   345.536   6.2265
213   343.808   6.2265
214   342.089   6.2265
215   340.379   6.2265
216   338.677   6.2265
217   336.983   6.2265
218   335.298   6.2265
219   333.622   6.2265
220   331.954   6.2265
221   330.294   6.2265
222   328.643   6.2265
223   326.999   6.2265
224   325.364   6.2265
225   323.738   6.2265
226   322.119   6.2265
227   320.508   6.2265
228   318.906   6.2265
229   317.311   6.2265
230   315.725   6.2265
231   314.146   6.2265
232   312.575   6.2265
233   311.012   6.2265
234   309.457   6.2265
235   307.91   6.2265
236   306.371   6.2265
237   304.839   6.2265
238   303.315   6.2265
239   301.798   6.2265
240   300.289   6.2265
241   298.788   6.2265
242   297.294   6.2265
243   295.807   6.2265
244   294.328   6.2265
245   292.856   6.2265
246   291.392   6.2265
247   289.935   6.2265
248   288.486   6.2265
249   287.043   6.2265
