0   1000   8.22939
1   995   6.91019
2   990.025   6.1226
3   985.075   5.13189
4   980.15   4.75782
5   975.249   4.75782
6   970.373   4.63578
7   965.521   4.63578
8   960.693   4.63578
9   955.89   4.55907
10   951.11   4.55907
11   946.355   4.55907
12   941.623   4.55907
13   936.915   4.55907
14   932.23   4.54365
15   927.569   4.54365
16   922.931   4.54365
17   918.316   4.54365
18   913.725   4.54365
19   909.156   4.54365
20   904.61   4.54365
21   900.087   4.54365
22   895.587   4.54365
23   891.109   4.54365
24   886.654   4.46654
25   882.22   4.45004
26   877.809   4.45004
27   873.42   4.45004
28   869.053   4.45004
29   864.708   4.45004
30   860.384   4.45004
31   856.082   4.45004
32   851.802   4.45004
33   847.543   4.45004
34   843.305   4.45004
35   839.089   4.45004
36   834.893   4.45004
37   830.719   4.45004
38   826.565   4.40016
39   822.432   4.40016
40   818.32   4.40016
41   814.229   4.39738
42   810.157   4.39738
43   806.107   4.39738
44   802.076   4.39738
45   798.066   4.39738
46   794.075   4.39738
47   790.105   4.39738
48   786.154   4.39738
49   782.224   4.39738
50   778.313   4.39738
51   774.421   4.39738
52   770.549   4.39738
53   766.696   4.39738
54   762.863   4.39738
55   759.048   4.39738
56   755.253   4.39738
57   751.477   4.39738
58   747.719   4.39738
59   743.981   4.39738
60   740.261   4.39738
61   736.56   4.39738
62   732.877   4.39738
63   729.212   4.39738
64   725.566   4.39738
65   721.939   4.39738
66   718.329   4.39738
67   714.737   4.39738
68   711.164   4.39738
69   707.608   4.39738
70   704.07   4.39738
71   700.549   4.39738
72   697.047   4.39738
73   693.561   4.39738
74   690.094   4.39738
75   686.643   4.39738
76   683.21   4.39738
77   679.794   4.39738
78   676.395   4.39738
79   673.013   4.39738
80   669.648   4.39738
81   666.3   4.39738
82   662.968   4.39738
83   659.653   4.39738
84   656.355   4.39738
85   653.073   4.39738
86   649.808   4.39738
87   646.559   4.39738
88   643.326   4.39738
89   640.109   4.39738
90   636.909   4.39738
91   633.724   4.39738
92   630.556   4.39738
93   627.403   4.39738
94   624.266   4.39738
95   621.145   4.39738
96   618.039   4.39738
97   614.949   4.39738
98   611.874   4.39738
99   608.815   4.39738
100   605.77   4.39738
101   602.742   4.39738
102   599.728   4.39738
103   596.729   4.39738
104   593.746   4.39738
105   590.777   4.39738
106   587.823   4.39738
107   584.884   4.39738
108   581.959   4.39738
109   579.05   4.39738
110   576.154   4.39738
111   573.274   4.39738
112   570.407   4.39738
113   567.555   4.39738
114   564.717   4.39738
115   561.894   4.39738
116   559.084   4.39738
117   556.289   4.39738
118   553.508   4.39738
119   550.74   4.39738
120   547.986   4.39738
121   545.246   4.39738
122   542.52   4.39738
123   539.808   4.39738
124   537.108   4.39738
125   534.423   4.39738
126   531.751   4.39738
127   529.092   4.39738
128   526.447   4.39738
129   523.814   4.39738
130   521.195   4.39738
131   518.589   4.39738
132   515.996   4.39738
133   513.416   4.39738
134   510.849   4.39738
135   508.295   4.39738
136   505.754   4.39738
137   503.225   4.39738
138   500.709   4.39738
139   498.205   4.39738
140   495.714   4.39738
141   493.236   4.39738
142   490.769   4.39738
143   488.316   4.39738
144   485.874   4.39738
145   483.445   4.39738
146   481.027   4.39738
147   478.622   4.39738
148   476.229   4.39738
149   473.848   4.39738
150   471.479   4.39738
151   469.121   4.39738
152   466.776   4.39738
153   464.442   4.39738
154   462.12   4.39738
155   459.809   4.39738
156   457.51   4.39738
157   455.222   4.39738
158   452.946   4.39738
159   450.682   4.39738
160   448.428   4.39738
161   446.186   4.39738
162   443.955   4.39738
163   441.735   4.39738
164   439.527   4.39738
165   437.329   4.39738
166   435.142   4.39738
167   432.967   4.39738
168   430.802   4.39738
169   428.648   4.39738
170   426.505   4.39738
171   424.372   4.39738
172   422.25   4.39738
173   420.139   4.39738
174   418.038   4.39738
175   415.948   4.39738
176   413.868   4.39738
177   411.799   4.39738
178   409.74   4.39738
179   407.691   4.39738
180   405.653   4.39738
181   403.625   4.39738
182   401.606   4.39738
183   399.598   4.39738
184   397.6   4.39738
185   395.612   4.39738
186   393.634   4.39738
187   391.666   4.39738
188   389.708   4.39738
189   387.759   4.39738
190   385.821   4.39738
191   383.891   4.39738
192   381.972   4.39738
193   380.062   4.39738
194   378.162   4.39738
195   376.271   4.39738
196   374.39   4.39738
197   372.518   4.39738
198   370.655   4.39738
199   368.802   4.39738
200   366.958   4.39738
201   365.123   4.39738
202   363.297   4.39738
203   361.481   4.39738
204   359.674   4.39738
205   357.875   4.39738
206   356.086   4.39738
207   354.305   4.39738
208   352.534   4.39738
209   350.771   4.39738
210   349.017   4.39738
211   347.272   4.39738
212   345.536   4.39738
213   343.808   4.39738
214   342.089   4.39738
215   340.379   4.39738
216   338.677   4.39738
217   336.983   4.39738
218   335.298   4.39738
219   333.622   4.39738
220   331.954   4.39738
221   330.294   4.39738
222   328.643   4.39738
223   326.999   4.39738
224   325.364   4.39738
225   323.738   4.39738
226   322.119   4.39738
227   320.508   4.39738
228   318.906   4.39738
229   317.311   4.39738
230   315.725   4.39738
231   314.146   4.39738
232   312.575   4.39738
233   311.012   4.39738
234   309.457   4.39738
235   307.91   4.39738
236   306.371   4.39738
237   304.839   4.39738
238   303.315   4.39738
239   301.798   4.39738
240   300.289   4.39738
241   298.788   4.39738
242   297.294   4.39738
243   295.807   4.39738
244   294.328   4.39738
245   292.856   4.39738
246   291.392   4.39738
247   289.935   4.39738
248   288.486   4.39738
249   287.043   4.39738
