0.122649    0.910776
0.263221    0.659749
0.160959    0.638296
0.120777    0.283104
0.279479    0.302123
0.236659    0.259264
0.229305    0.16686
0.258566    0.0495711
0.412767    0.0356408
0.755647    0.351318
0.792322    0.29708
0.858282    0.265618
0.965849    0.153824
0.907288    0.311522
0.92517    0.736175
0.740472    0.88941
0.731221    0.855466
0.687192    0.848108
0.636503    0.833552
0.60766    0.81253
0.55757    0.953664
0.505514    0.982521
0.487399    0.900213
0.43445    0.895872
0.551908    0.758305
0.468625    0.706231
0.394738    0.706533
0.361633    0.614706
0.353427    0.633354
0.361595    0.641769
0.300918    0.802153
0.117634    0.948298
